This file contains any messages produced by compilers while
running configure, to aid debugging if configure makes a mistake.

It was created by configure, which was
generated by GNU Autoconf 2.59.  Invocation command line was

  $ ./configure 

## --------- ##
## Platform. ##
## --------- ##

hostname = slackbox
uname -m = x86_64
uname -r = 2.6.29.6
uname -s = Linux
uname -v = #2 SMP Mon Aug 17 11:58:18 CDT 2009

/usr/bin/uname -p = AMD Athlon(tm) II X4 620 Processor
/bin/uname -X     = unknown

/bin/arch              = x86_64
/usr/bin/arch -k       = unknown
/usr/convex/getsysinfo = unknown
hostinfo               = unknown
/bin/machine           = unknown
/usr/bin/oslevel       = unknown
/bin/universe          = unknown

PATH: /usr/local/bin
PATH: /usr/bin
PATH: /bin
PATH: /usr/games
PATH: /usr/lib64/java/bin
PATH: /usr/lib64/kde4/libexec
PATH: /usr/lib64/qt/bin
PATH: /usr/share/texmf/bin
PATH: .


## ----------- ##
## Core tests. ##
## ----------- ##

configure:1366: checking for a BSD-compatible install
configure:1421: result: /usr/bin/ginstall -c
configure:1432: checking whether build environment is sane
configure:1475: result: yes
configure:1508: checking for gawk
configure:1524: found /usr/bin/gawk
configure:1534: result: gawk
configure:1544: checking whether make sets $(MAKE)
configure:1564: result: yes
configure:1725: checking build system type
configure:1743: result: x86_64-unknown-linux
configure:1751: checking host system type
configure:1765: result: x86_64-unknown-linux
configure:1885: checking for gcc
configure:1901: found /usr/bin/gcc
configure:1911: result: gcc
configure:2155: checking for C compiler version
configure:2158: gcc --version </dev/null >&5
gcc (GCC) 4.3.3
Copyright (C) 2008 Free Software Foundation, Inc.
This is free software; see the source for copying conditions.  There is NO
warranty; not even for MERCHANTABILITY or FITNESS FOR A PARTICULAR PURPOSE.

configure:2161: $? = 0
configure:2163: gcc -v </dev/null >&5
Reading specs from /usr/lib64/gcc/x86_64-slackware-linux/4.3.3/specs
Target: x86_64-slackware-linux
Configured with: ../gcc-4.3.3/configure --prefix=/usr --libdir=/usr/lib64 --enable-shared --enable-bootstrap --enable-languages=ada,c,c++,fortran,java,objc --enable-threads=posix --enable-checking=release --with-system-zlib --disable-libunwind-exceptions --enable-__cxa_atexit --enable-libssp --with-gnu-ld --verbose --disable-multilib --target=x86_64-slackware-linux --build=x86_64-slackware-linux --host=x86_64-slackware-linux
Thread model: posix
gcc version 4.3.3 (GCC) 
configure:2166: $? = 0
configure:2168: gcc -V </dev/null >&5
gcc: '-V' option must have argument
configure:2171: $? = 1
configure:2194: checking for C compiler default output file name
configure:2197: gcc    conftest.c  >&5
configure:2200: $? = 0
configure:2246: result: a.out
configure:2251: checking whether the C compiler works
configure:2257: ./a.out
configure:2260: $? = 0
configure:2277: result: yes
configure:2284: checking whether we are cross compiling
configure:2286: result: no
configure:2289: checking for suffix of executables
configure:2291: gcc -o conftest    conftest.c  >&5
configure:2294: $? = 0
configure:2319: result: 
configure:2325: checking for suffix of object files
configure:2346: gcc -c   conftest.c >&5
configure:2349: $? = 0
configure:2371: result: o
configure:2375: checking whether we are using the GNU C compiler
configure:2399: gcc -c   conftest.c >&5
configure:2405: $? = 0
configure:2409: test -z 
			 || test ! -s conftest.err
configure:2412: $? = 0
configure:2415: test -s conftest.o
configure:2418: $? = 0
configure:2431: result: yes
configure:2437: checking whether gcc accepts -g
configure:2458: gcc -c -g  conftest.c >&5
configure:2464: $? = 0
configure:2468: test -z 
			 || test ! -s conftest.err
configure:2471: $? = 0
configure:2474: test -s conftest.o
configure:2477: $? = 0
configure:2488: result: yes
configure:2505: checking for gcc option to accept ANSI C
configure:2575: gcc  -c -g -O2  conftest.c >&5
configure:2581: $? = 0
configure:2585: test -z 
			 || test ! -s conftest.err
configure:2588: $? = 0
configure:2591: test -s conftest.o
configure:2594: $? = 0
configure:2612: result: none needed
configure:2630: gcc -c -g -O2  conftest.c >&5
conftest.c:2: error: expected '=', ',', ';', 'asm' or '__attribute__' before 'me'
configure:2636: $? = 1
configure: failed program was:
| #ifndef __cplusplus
|   choke me
| #endif
configure:2788: checking for style of include used by make
configure:2816: result: GNU
configure:2844: checking dependency style of gcc
configure:2906: result: gcc3
configure:2963: checking for g++
configure:2979: found /usr/bin/g++
configure:2989: result: g++
configure:3005: checking for C++ compiler version
configure:3008: g++ --version </dev/null >&5
g++ (GCC) 4.3.3
Copyright (C) 2008 Free Software Foundation, Inc.
This is free software; see the source for copying conditions.  There is NO
warranty; not even for MERCHANTABILITY or FITNESS FOR A PARTICULAR PURPOSE.

configure:3011: $? = 0
configure:3013: g++ -v </dev/null >&5
Reading specs from /usr/lib64/gcc/x86_64-slackware-linux/4.3.3/specs
Target: x86_64-slackware-linux
Configured with: ../gcc-4.3.3/configure --prefix=/usr --libdir=/usr/lib64 --enable-shared --enable-bootstrap --enable-languages=ada,c,c++,fortran,java,objc --enable-threads=posix --enable-checking=release --with-system-zlib --disable-libunwind-exceptions --enable-__cxa_atexit --enable-libssp --with-gnu-ld --verbose --disable-multilib --target=x86_64-slackware-linux --build=x86_64-slackware-linux --host=x86_64-slackware-linux
Thread model: posix
gcc version 4.3.3 (GCC) 
configure:3016: $? = 0
configure:3018: g++ -V </dev/null >&5
g++: '-V' option must have argument
configure:3021: $? = 1
configure:3024: checking whether we are using the GNU C++ compiler
configure:3048: g++ -c   conftest.cc >&5
configure:3054: $? = 0
configure:3058: test -z 
			 || test ! -s conftest.err
configure:3061: $? = 0
configure:3064: test -s conftest.o
configure:3067: $? = 0
configure:3080: result: yes
configure:3086: checking whether g++ accepts -g
configure:3107: g++ -c -g  conftest.cc >&5
configure:3113: $? = 0
configure:3117: test -z 
			 || test ! -s conftest.err
configure:3120: $? = 0
configure:3123: test -s conftest.o
configure:3126: $? = 0
configure:3137: result: yes
configure:3179: g++ -c -g -O2  conftest.cc >&5
configure:3185: $? = 0
configure:3189: test -z 
			 || test ! -s conftest.err
configure:3192: $? = 0
configure:3195: test -s conftest.o
configure:3198: $? = 0
configure:3224: g++ -c -g -O2  conftest.cc >&5
conftest.cc: In function 'int main()':
conftest.cc:15: error: 'exit' was not declared in this scope
configure:3230: $? = 1
configure: failed program was:
| /* confdefs.h.  */
| 
| #define PACKAGE_NAME ""
| #define PACKAGE_TARNAME ""
| #define PACKAGE_VERSION ""
| #define PACKAGE_STRING ""
| #define PACKAGE_BUGREPORT ""
| #define PACKAGE "synergy"
| #define VERSION "1.3.1"
| /* end confdefs.h.  */
| 
| int
| main ()
| {
| exit (42);
|   ;
|   return 0;
| }
configure:3179: g++ -c -g -O2  conftest.cc >&5
conftest.cc:11: error: 'void std::exit(int)' should have been declared inside 'std'
configure:3185: $? = 1
configure: failed program was:
| /* confdefs.h.  */
| 
| #define PACKAGE_NAME ""
| #define PACKAGE_TARNAME ""
| #define PACKAGE_VERSION ""
| #define PACKAGE_STRING ""
| #define PACKAGE_BUGREPORT ""
| #define PACKAGE "synergy"
| #define VERSION "1.3.1"
| /* end confdefs.h.  */
| extern "C" void std::exit (int) throw (); using std::exit;
| #include <stdlib.h>
| int
| main ()
| {
| exit (42);
|   ;
|   return 0;
| }
configure:3179: g++ -c -g -O2  conftest.cc >&5
conftest.cc:11: error: 'void std::exit(int)' should have been declared inside 'std'
In file included from conftest.cc:12:
/usr/include/stdlib.h:531: error: declaration of 'void std::exit(int) throw ()' throws different exceptions
conftest.cc:11: error: from previous declaration 'void std::exit(int)'
configure:3185: $? = 1
configure: failed program was:
| /* confdefs.h.  */
| 
| #define PACKAGE_NAME ""
| #define PACKAGE_TARNAME ""
| #define PACKAGE_VERSION ""
| #define PACKAGE_STRING ""
| #define PACKAGE_BUGREPORT ""
| #define PACKAGE "synergy"
| #define VERSION "1.3.1"
| /* end confdefs.h.  */
| extern "C" void std::exit (int); using std::exit;
| #include <stdlib.h>
| int
| main ()
| {
| exit (42);
|   ;
|   return 0;
| }
configure:3179: g++ -c -g -O2  conftest.cc >&5
configure:3185: $? = 0
configure:3189: test -z 
			 || test ! -s conftest.err
configure:3192: $? = 0
configure:3195: test -s conftest.o
configure:3198: $? = 0
configure:3224: g++ -c -g -O2  conftest.cc >&5
configure:3230: $? = 0
configure:3234: test -z 
			 || test ! -s conftest.err
configure:3237: $? = 0
configure:3240: test -s conftest.o
configure:3243: $? = 0
configure:3268: checking dependency style of g++
configure:3330: result: gcc3
configure:3376: checking for ranlib
configure:3392: found /usr/bin/ranlib
configure:3403: result: ranlib
configure:3417: checking for dot
configure:3444: result: NO
configure:3459: checking dependency style of gcc
configure:3521: result: gcc3
configure:3549: checking if g++ defines correct C++ macro
configure:3570: g++ -c -g -O2 -g  conftest.cpp >&5
configure:3576: $? = 0
configure:3580: test -z 
			 || test ! -s conftest.err
configure:3583: $? = 0
configure:3586: test -s conftest.o
configure:3589: $? = 0
configure:3599: result: yes
configure:3802: checking for the pthreads library -lpthreads
configure:3840: gcc -o conftest -g -O2    conftest.c -lpthreads  >&5
/usr/lib64/gcc/x86_64-slackware-linux/4.3.3/../../../../x86_64-slackware-linux/bin/ld: cannot find -lpthreads
collect2: ld returned 1 exit status
configure:3846: $? = 1
configure: failed program was:
| /* confdefs.h.  */
| 
| #define PACKAGE_NAME ""
| #define PACKAGE_TARNAME ""
| #define PACKAGE_VERSION ""
| #define PACKAGE_STRING ""
| #define PACKAGE_BUGREPORT ""
| #define PACKAGE "synergy"
| #define VERSION "1.3.1"
| #ifdef __cplusplus
| extern "C" void exit (int) throw ();
| #endif
| /* end confdefs.h.  */
| #include <pthread.h>
| int
| main ()
| {
| pthread_t th; pthread_join(th, 0);
|                      pthread_attr_init(0); pthread_cleanup_push(0, 0);
|                      pthread_create(0,0,0,0); pthread_cleanup_pop(0);
|   ;
|   return 0;
| }
configure:3873: result: no
configure:3749: checking whether pthreads work without any flags
configure:3840: gcc -o conftest -g -O2    conftest.c   >&5
/tmp/ccUGnmcc.o: In function `main':
/home/matthew/synergy/conftest.c:18: undefined reference to `pthread_join'
/home/matthew/synergy/conftest.c:19: undefined reference to `__pthread_register_cancel'
/home/matthew/synergy/conftest.c:20: undefined reference to `pthread_create'
/home/matthew/synergy/conftest.c:20: undefined reference to `__pthread_unregister_cancel'
collect2: ld returned 1 exit status
configure:3846: $? = 1
configure: failed program was:
| /* confdefs.h.  */
| 
| #define PACKAGE_NAME ""
| #define PACKAGE_TARNAME ""
| #define PACKAGE_VERSION ""
| #define PACKAGE_STRING ""
| #define PACKAGE_BUGREPORT ""
| #define PACKAGE "synergy"
| #define VERSION "1.3.1"
| #ifdef __cplusplus
| extern "C" void exit (int) throw ();
| #endif
| /* end confdefs.h.  */
| #include <pthread.h>
| int
| main ()
| {
| pthread_t th; pthread_join(th, 0);
|                      pthread_attr_init(0); pthread_cleanup_push(0, 0);
|                      pthread_create(0,0,0,0); pthread_cleanup_pop(0);
|   ;
|   return 0;
| }
configure:3873: result: no
configure:3754: checking whether pthreads work with -Kthread
configure:3840: gcc -o conftest -g -O2 -Kthread   conftest.c   >&5
gcc: unrecognized option '-Kthread'
/tmp/ccmI5vGk.o: In function `main':
/home/matthew/synergy/conftest.c:18: undefined reference to `pthread_join'
/home/matthew/synergy/conftest.c:19: undefined reference to `__pthread_register_cancel'
/home/matthew/synergy/conftest.c:20: undefined reference to `pthread_create'
/home/matthew/synergy/conftest.c:20: undefined reference to `__pthread_unregister_cancel'
collect2: ld returned 1 exit status
configure:3846: $? = 1
configure: failed program was:
| /* confdefs.h.  */
| 
| #define PACKAGE_NAME ""
| #define PACKAGE_TARNAME ""
| #define PACKAGE_VERSION ""
| #define PACKAGE_STRING ""
| #define PACKAGE_BUGREPORT ""
| #define PACKAGE "synergy"
| #define VERSION "1.3.1"
| #ifdef __cplusplus
| extern "C" void exit (int) throw ();
| #endif
| /* end confdefs.h.  */
| #include <pthread.h>
| int
| main ()
| {
| pthread_t th; pthread_join(th, 0);
|                      pthread_attr_init(0); pthread_cleanup_push(0, 0);
|                      pthread_create(0,0,0,0); pthread_cleanup_pop(0);
|   ;
|   return 0;
| }
configure:3873: result: no
configure:3754: checking whether pthreads work with -kthread
configure:3840: gcc -o conftest -g -O2 -kthread   conftest.c   >&5
gcc: unrecognized option '-kthread'
/tmp/ccJv5nvl.o: In function `main':
/home/matthew/synergy/conftest.c:18: undefined reference to `pthread_join'
/home/matthew/synergy/conftest.c:19: undefined reference to `__pthread_register_cancel'
/home/matthew/synergy/conftest.c:20: undefined reference to `pthread_create'
/home/matthew/synergy/conftest.c:20: undefined reference to `__pthread_unregister_cancel'
collect2: ld returned 1 exit status
configure:3846: $? = 1
configure: failed program was:
| /* confdefs.h.  */
| 
| #define PACKAGE_NAME ""
| #define PACKAGE_TARNAME ""
| #define PACKAGE_VERSION ""
| #define PACKAGE_STRING ""
| #define PACKAGE_BUGREPORT ""
| #define PACKAGE "synergy"
| #define VERSION "1.3.1"
| #ifdef __cplusplus
| extern "C" void exit (int) throw ();
| #endif
| /* end confdefs.h.  */
| #include <pthread.h>
| int
| main ()
| {
| pthread_t th; pthread_join(th, 0);
|                      pthread_attr_init(0); pthread_cleanup_push(0, 0);
|                      pthread_create(0,0,0,0); pthread_cleanup_pop(0);
|   ;
|   return 0;
| }
configure:3873: result: no
configure:3802: checking for the pthreads library -llthread
configure:3840: gcc -o conftest -g -O2    conftest.c -llthread  >&5
/usr/lib64/gcc/x86_64-slackware-linux/4.3.3/../../../../x86_64-slackware-linux/bin/ld: cannot find -llthread
collect2: ld returned 1 exit status
configure:3846: $? = 1
configure: failed program was:
| /* confdefs.h.  */
| 
| #define PACKAGE_NAME ""
| #define PACKAGE_TARNAME ""
| #define PACKAGE_VERSION ""
| #define PACKAGE_STRING ""
| #define PACKAGE_BUGREPORT ""
| #define PACKAGE "synergy"
| #define VERSION "1.3.1"
| #ifdef __cplusplus
| extern "C" void exit (int) throw ();
| #endif
| /* end confdefs.h.  */
| #include <pthread.h>
| int
| main ()
| {
| pthread_t th; pthread_join(th, 0);
|                      pthread_attr_init(0); pthread_cleanup_push(0, 0);
|                      pthread_create(0,0,0,0); pthread_cleanup_pop(0);
|   ;
|   return 0;
| }
configure:3873: result: no
configure:3754: checking whether pthreads work with -pthread
configure:3840: gcc -o conftest -g -O2 -pthread   conftest.c   >&5
configure:3846: $? = 0
configure:3850: test -z 
			 || test ! -s conftest.err
configure:3853: $? = 0
configure:3856: test -s conftest
configure:3859: $? = 0
configure:3873: result: yes
configure:3892: checking for joinable pthread attribute
configure:3912: gcc -o conftest -g -O2 -pthread   conftest.c   >&5
configure:3918: $? = 0
configure:3922: test -z 
			 || test ! -s conftest.err
configure:3925: $? = 0
configure:3928: test -s conftest
configure:3931: $? = 0
configure:3942: result: PTHREAD_CREATE_JOINABLE
configure:3952: checking if more special flags are required for pthreads
configure:3959: result: no
configure:3966: checking for POSIX sigwait
configure:3985: gcc -o conftest -g -O2 -pthread   conftest.c   >&5
configure:3991: $? = 0
configure:3995: test -z 
			 || test ! -s conftest.err
configure:3998: $? = 0
configure:4001: test -s conftest
configure:4004: $? = 0
configure:4067: result: yes
configure:4081: checking for pthread signal functions
configure:4100: gcc -o conftest -g -O2 -pthread   conftest.c   >&5
configure:4106: $? = 0
configure:4110: test -z 
			 || test ! -s conftest.err
configure:4113: $? = 0
configure:4116: test -s conftest
configure:4119: $? = 0
configure:4130: result: yes
configure:4146: checking for cc_r
configure:4173: result: gcc
configure:4228: checking for nanosleep
configure:4264: g++ -o conftest -g -O2 -g   conftest.cc   >&5
configure:4270: $? = 0
configure:4274: test -z 
			 || test ! -s conftest.err
configure:4277: $? = 0
configure:4280: test -s conftest
configure:4283: $? = 0
configure:4295: result: yes
configure:4331: checking for inet_aton
configure:4370: g++ -o conftest -g -O2 -g   conftest.cc   >&5
configure:4376: $? = 0
configure:4380: test -z 
			 || test ! -s conftest.err
configure:4383: $? = 0
configure:4386: test -s conftest
configure:4389: $? = 0
configure:4401: result: yes
configure:4422: checking how to run the C++ preprocessor
configure:4453: g++ -E  conftest.cc
configure:4459: $? = 0
configure:4491: g++ -E  conftest.cc
conftest.cc:19:28: error: ac_nonexistent.h: No such file or directory
configure:4497: $? = 1
configure: failed program was:
| /* confdefs.h.  */
| 
| #define PACKAGE_NAME ""
| #define PACKAGE_TARNAME ""
| #define PACKAGE_VERSION ""
| #define PACKAGE_STRING ""
| #define PACKAGE_BUGREPORT ""
| #define PACKAGE "synergy"
| #define VERSION "1.3.1"
| #ifdef __cplusplus
| extern "C" void exit (int) throw ();
| #endif
| #define HAVE_POSIX_SIGWAIT 1
| #define HAVE_PTHREAD_SIGNAL 1
| #define HAVE_PTHREAD 1
| #define HAVE_NANOSLEEP 1
| #define HAVE_INET_ATON 1
| /* end confdefs.h.  */
| #include <ac_nonexistent.h>
configure:4536: result: g++ -E
configure:4560: g++ -E  conftest.cc
configure:4566: $? = 0
configure:4598: g++ -E  conftest.cc
conftest.cc:19:28: error: ac_nonexistent.h: No such file or directory
configure:4604: $? = 1
configure: failed program was:
| /* confdefs.h.  */
| 
| #define PACKAGE_NAME ""
| #define PACKAGE_TARNAME ""
| #define PACKAGE_VERSION ""
| #define PACKAGE_STRING ""
| #define PACKAGE_BUGREPORT ""
| #define PACKAGE "synergy"
| #define VERSION "1.3.1"
| #ifdef __cplusplus
| extern "C" void exit (int) throw ();
| #endif
| #define HAVE_POSIX_SIGWAIT 1
| #define HAVE_PTHREAD_SIGNAL 1
| #define HAVE_PTHREAD 1
| #define HAVE_NANOSLEEP 1
| #define HAVE_INET_ATON 1
| /* end confdefs.h.  */
| #include <ac_nonexistent.h>
configure:4648: checking for egrep
configure:4658: result: grep -E
configure:4663: checking for ANSI C header files
configure:4688: g++ -c -g -O2 -g  conftest.cc >&5
configure:4694: $? = 0
configure:4698: test -z 
			 || test ! -s conftest.err
configure:4701: $? = 0
configure:4704: test -s conftest.o
configure:4707: $? = 0
configure:4796: g++ -o conftest -g -O2 -g   conftest.cc  >&5
configure:4799: $? = 0
configure:4801: ./conftest
configure:4804: $? = 0
configure:4819: result: yes
configure:4843: checking for sys/types.h
configure:4859: g++ -c -g -O2 -g  conftest.cc >&5
configure:4865: $? = 0
configure:4869: test -z 
			 || test ! -s conftest.err
configure:4872: $? = 0
configure:4875: test -s conftest.o
configure:4878: $? = 0
configure:4889: result: yes
configure:4843: checking for sys/stat.h
configure:4859: g++ -c -g -O2 -g  conftest.cc >&5
configure:4865: $? = 0
configure:4869: test -z 
			 || test ! -s conftest.err
configure:4872: $? = 0
configure:4875: test -s conftest.o
configure:4878: $? = 0
configure:4889: result: yes
configure:4843: checking for stdlib.h
configure:4859: g++ -c -g -O2 -g  conftest.cc >&5
configure:4865: $? = 0
configure:4869: test -z 
			 || test ! -s conftest.err
configure:4872: $? = 0
configure:4875: test -s conftest.o
configure:4878: $? = 0
configure:4889: result: yes
configure:4843: checking for string.h
configure:4859: g++ -c -g -O2 -g  conftest.cc >&5
configure:4865: $? = 0
configure:4869: test -z 
			 || test ! -s conftest.err
configure:4872: $? = 0
configure:4875: test -s conftest.o
configure:4878: $? = 0
configure:4889: result: yes
configure:4843: checking for memory.h
configure:4859: g++ -c -g -O2 -g  conftest.cc >&5
configure:4865: $? = 0
configure:4869: test -z 
			 || test ! -s conftest.err
configure:4872: $? = 0
configure:4875: test -s conftest.o
configure:4878: $? = 0
configure:4889: result: yes
configure:4843: checking for strings.h
configure:4859: g++ -c -g -O2 -g  conftest.cc >&5
configure:4865: $? = 0
configure:4869: test -z 
			 || test ! -s conftest.err
configure:4872: $? = 0
configure:4875: test -s conftest.o
configure:4878: $? = 0
configure:4889: result: yes
configure:4843: checking for inttypes.h
configure:4859: g++ -c -g -O2 -g  conftest.cc >&5
configure:4865: $? = 0
configure:4869: test -z 
			 || test ! -s conftest.err
configure:4872: $? = 0
configure:4875: test -s conftest.o
configure:4878: $? = 0
configure:4889: result: yes
configure:4843: checking for stdint.h
configure:4859: g++ -c -g -O2 -g  conftest.cc >&5
configure:4865: $? = 0
configure:4869: test -z 
			 || test ! -s conftest.err
configure:4872: $? = 0
configure:4875: test -s conftest.o
configure:4878: $? = 0
configure:4889: result: yes
configure:4843: checking for unistd.h
configure:4859: g++ -c -g -O2 -g  conftest.cc >&5
configure:4865: $? = 0
configure:4869: test -z 
			 || test ! -s conftest.err
configure:4872: $? = 0
configure:4875: test -s conftest.o
configure:4878: $? = 0
configure:4889: result: yes
configure:4910: checking for unistd.h
configure:4915: result: yes
configure:4919: checking sys/time.h usability
configure:4931: g++ -c -g -O2 -g  conftest.cc >&5
configure:4937: $? = 0
configure:4941: test -z 
			 || test ! -s conftest.err
configure:4944: $? = 0
configure:4947: test -s conftest.o
configure:4950: $? = 0
configure:4960: result: yes
configure:4964: checking sys/time.h presence
configure:4974: g++ -E  conftest.cc
configure:4980: $? = 0
configure:5000: result: yes
configure:5035: checking for sys/time.h
configure:5042: result: yes
configure:4910: checking for sys/types.h
configure:4915: result: yes
configure:4919: checking locale.h usability
configure:4931: g++ -c -g -O2 -g  conftest.cc >&5
configure:4937: $? = 0
configure:4941: test -z 
			 || test ! -s conftest.err
configure:4944: $? = 0
configure:4947: test -s conftest.o
configure:4950: $? = 0
configure:4960: result: yes
configure:4964: checking locale.h presence
configure:4974: g++ -E  conftest.cc
configure:4980: $? = 0
configure:5000: result: yes
configure:5035: checking for locale.h
configure:5042: result: yes
configure:4919: checking wchar.h usability
configure:4931: g++ -c -g -O2 -g  conftest.cc >&5
configure:4937: $? = 0
configure:4941: test -z 
			 || test ! -s conftest.err
configure:4944: $? = 0
configure:4947: test -s conftest.o
configure:4950: $? = 0
configure:4960: result: yes
configure:4964: checking wchar.h presence
configure:4974: g++ -E  conftest.cc
configure:4980: $? = 0
configure:5000: result: yes
configure:5035: checking for wchar.h
configure:5042: result: yes
configure:5070: checking sys/socket.h usability
configure:5082: g++ -c -g -O2 -g  conftest.cc >&5
configure:5088: $? = 0
configure:5092: test -z 
			 || test ! -s conftest.err
configure:5095: $? = 0
configure:5098: test -s conftest.o
configure:5101: $? = 0
configure:5111: result: yes
configure:5115: checking sys/socket.h presence
configure:5125: g++ -E  conftest.cc
configure:5131: $? = 0
configure:5151: result: yes
configure:5186: checking for sys/socket.h
configure:5193: result: yes
configure:5070: checking sys/select.h usability
configure:5082: g++ -c -g -O2 -g  conftest.cc >&5
configure:5088: $? = 0
configure:5092: test -z 
			 || test ! -s conftest.err
configure:5095: $? = 0
configure:5098: test -s conftest.o
configure:5101: $? = 0
configure:5111: result: yes
configure:5115: checking sys/select.h presence
configure:5125: g++ -E  conftest.cc
configure:5131: $? = 0
configure:5151: result: yes
configure:5186: checking for sys/select.h
configure:5193: result: yes
configure:5220: checking sys/utsname.h usability
configure:5232: g++ -c -g -O2 -g  conftest.cc >&5
configure:5238: $? = 0
configure:5242: test -z 
			 || test ! -s conftest.err
configure:5245: $? = 0
configure:5248: test -s conftest.o
configure:5251: $? = 0
configure:5261: result: yes
configure:5265: checking sys/utsname.h presence
configure:5275: g++ -E  conftest.cc
configure:5281: $? = 0
configure:5301: result: yes
configure:5336: checking for sys/utsname.h
configure:5343: result: yes
configure:5372: checking istream usability
configure:5384: g++ -c -g -O2 -g  conftest.cc >&5
configure:5390: $? = 0
configure:5394: test -z 
			 || test ! -s conftest.err
configure:5397: $? = 0
configure:5400: test -s conftest.o
configure:5403: $? = 0
configure:5413: result: yes
configure:5417: checking istream presence
configure:5427: g++ -E  conftest.cc
configure:5433: $? = 0
configure:5453: result: yes
configure:5488: checking for istream
configure:5495: result: yes
configure:5372: checking ostream usability
configure:5384: g++ -c -g -O2 -g  conftest.cc >&5
configure:5390: $? = 0
configure:5394: test -z 
			 || test ! -s conftest.err
configure:5397: $? = 0
configure:5400: test -s conftest.o
configure:5403: $? = 0
configure:5413: result: yes
configure:5417: checking ostream presence
configure:5427: g++ -E  conftest.cc
configure:5433: $? = 0
configure:5453: result: yes
configure:5488: checking for ostream
configure:5495: result: yes
configure:5372: checking sstream usability
configure:5384: g++ -c -g -O2 -g  conftest.cc >&5
configure:5390: $? = 0
configure:5394: test -z 
			 || test ! -s conftest.err
configure:5397: $? = 0
configure:5400: test -s conftest.o
configure:5403: $? = 0
configure:5413: result: yes
configure:5417: checking sstream presence
configure:5427: g++ -E  conftest.cc
configure:5433: $? = 0
configure:5453: result: yes
configure:5488: checking for sstream
configure:5495: result: yes
configure:5508: checking whether time.h and sys/time.h may both be included
configure:5533: g++ -c -g -O2 -g  conftest.cc >&5
configure:5539: $? = 0
configure:5543: test -z 
			 || test ! -s conftest.err
configure:5546: $? = 0
configure:5549: test -s conftest.o
configure:5552: $? = 0
configure:5563: result: yes
configure:5574: checking for X
configure:5679: g++ -E  conftest.cc
configure:5685: $? = 0
configure:5804: result: libraries /usr/lib64, headers 
configure:5976: g++ -o conftest -g -O2 -g   conftest.cc   -L/usr/lib64 -lX11 >&5
configure:5982: $? = 0
configure:5986: test -z 
			 || test ! -s conftest.err
configure:5989: $? = 0
configure:5992: test -s conftest
configure:5995: $? = 0
configure:6153: checking for gethostbyname
configure:6210: g++ -o conftest -g -O2 -g   conftest.cc  >&5
configure:6216: $? = 0
configure:6220: test -z 
			 || test ! -s conftest.err
configure:6223: $? = 0
configure:6226: test -s conftest
configure:6229: $? = 0
configure:6241: result: yes
configure:6392: checking for connect
configure:6449: g++ -o conftest -g -O2 -g   conftest.cc  >&5
configure:6455: $? = 0
configure:6459: test -z 
			 || test ! -s conftest.err
configure:6462: $? = 0
configure:6465: test -s conftest
configure:6468: $? = 0
configure:6480: result: yes
configure:6555: checking for remove
configure:6612: g++ -o conftest -g -O2 -g   conftest.cc  >&5
configure:6618: $? = 0
configure:6622: test -z 
			 || test ! -s conftest.err
configure:6625: $? = 0
configure:6628: test -s conftest
configure:6631: $? = 0
configure:6643: result: yes
configure:6718: checking for shmat
configure:6775: g++ -o conftest -g -O2 -g   conftest.cc  >&5
configure:6781: $? = 0
configure:6785: test -z 
			 || test ! -s conftest.err
configure:6788: $? = 0
configure:6791: test -s conftest
configure:6794: $? = 0
configure:6806: result: yes
configure:6890: checking for IceConnectionNumber in -lICE
configure:6920: g++ -o conftest -g -O2 -g   -L/usr/lib64 conftest.cc -lICE   >&5
configure:6926: $? = 0
configure:6930: test -z 
			 || test ! -s conftest.err
configure:6933: $? = 0
configure:6936: test -s conftest
configure:6939: $? = 0
configure:6952: result: yes
configure:6966: checking for XTestQueryExtension in -lXtst
configure:6996: g++ -o conftest -g -O2 -g    conftest.cc -lXtst  -L/usr/lib64 -lXext -lX11   >&5
configure:7002: $? = 0
configure:7006: test -z 
			 || test ! -s conftest.err
configure:7009: $? = 0
configure:7012: test -s conftest
configure:7015: $? = 0
configure:7028: result: yes
configure:7052: checking X11/extensions/XTest.h usability
configure:7064: g++ -c -g -O2 -g   conftest.cc >&5
configure:7070: $? = 0
configure:7074: test -z 
			 || test ! -s conftest.err
configure:7077: $? = 0
configure:7080: test -s conftest.o
configure:7083: $? = 0
configure:7093: result: yes
configure:7097: checking X11/extensions/XTest.h presence
configure:7107: g++ -E   conftest.cc
configure:7113: $? = 0
configure:7133: result: yes
configure:7168: checking for X11/extensions/XTest.h
configure:7175: result: yes
configure:7194: checking for XkbQueryExtension in -lX11
configure:7224: g++ -o conftest -g -O2 -g    conftest.cc -lX11  -L/usr/lib64   >&5
configure:7230: $? = 0
configure:7234: test -z 
			 || test ! -s conftest.err
configure:7237: $? = 0
configure:7240: test -s conftest
configure:7243: $? = 0
configure:7256: result: yes
configure:7270: checking for X11/XKBlib.h
configure:7286: g++ -c -g -O2 -g   conftest.cc >&5
configure:7292: $? = 0
configure:7296: test -z 
			 || test ! -s conftest.err
configure:7299: $? = 0
configure:7302: test -s conftest.o
configure:7305: $? = 0
configure:7316: result: yes
configure:7270: checking for X11/extensions/XKBstr.h
configure:7286: g++ -c -g -O2 -g   conftest.cc >&5
configure:7292: $? = 0
configure:7296: test -z 
			 || test ! -s conftest.err
configure:7299: $? = 0
configure:7302: test -s conftest.o
configure:7305: $? = 0
configure:7316: result: yes
configure:7351: g++ -c -g -O2 -g   conftest.cc >&5
configure:7357: $? = 0
configure:7361: test -z 
			 || test ! -s conftest.err
configure:7364: $? = 0
configure:7367: test -s conftest.o
configure:7370: $? = 0
configure:7391: checking for XineramaQueryExtension in -lXinerama
configure:7421: g++ -o conftest -g -O2 -g    conftest.cc -lXinerama  -L/usr/lib64 -lXext -lX11   >&5
configure:7427: $? = 0
configure:7431: test -z 
			 || test ! -s conftest.err
configure:7434: $? = 0
configure:7437: test -s conftest
configure:7440: $? = 0
configure:7453: result: yes
configure:7466: checking for X11/extensions/Xinerama.h
configure:7482: g++ -c -g -O2 -g   conftest.cc >&5
configure:7488: $? = 0
configure:7492: test -z 
			 || test ! -s conftest.err
configure:7495: $? = 0
configure:7498: test -s conftest.o
configure:7501: $? = 0
configure:7512: result: yes
configure:7532: checking for DPMSQueryExtension in -lXext
configure:7562: g++ -o conftest -g -O2 -g    conftest.cc -lXext  -L/usr/lib64 -lX11   >&5
configure:7568: $? = 0
configure:7572: test -z 
			 || test ! -s conftest.err
configure:7575: $? = 0
configure:7578: test -s conftest
configure:7581: $? = 0
configure:7594: result: yes
configure:7679: checking for X11/extensions/dpms.h
configure:7695: g++ -c -g -O2 -g   conftest.cc >&5
configure:7701: $? = 0
configure:7705: test -z 
			 || test ! -s conftest.err
configure:7708: $? = 0
configure:7711: test -s conftest.o
configure:7714: $? = 0
configure:7725: result: yes
configure:7740: checking for prototypes in X11/extensions/dpms.h
configure:7767: g++ -c -g -O2 -g   conftest.cc >&5
configure:7773: $? = 0
configure:7777: test -z 
			 || test ! -s conftest.err
configure:7780: $? = 0
configure:7783: test -s conftest.o
configure:7786: $? = 0
configure:7795: result: yes
configure:7812: checking for size_t
configure:7836: g++ -c -g -O2 -g  conftest.cc >&5
configure:7842: $? = 0
configure:7846: test -z 
			 || test ! -s conftest.err
configure:7849: $? = 0
configure:7852: test -s conftest.o
configure:7855: $? = 0
configure:7866: result: yes
configure:7879: checking for socklen_t
configure:7900: g++ -c -g -O2 -g  conftest.cc >&5
configure:7906: $? = 0
configure:7910: test -z 
			 || test ! -s conftest.err
configure:7913: $? = 0
configure:7916: test -s conftest.o
configure:7919: $? = 0
configure:7929: result: yes
configure:7944: checking whether struct tm is in sys/time.h or time.h
configure:7967: g++ -c -g -O2 -g  conftest.cc >&5
configure:7973: $? = 0
configure:7977: test -z 
			 || test ! -s conftest.err
configure:7980: $? = 0
configure:7983: test -s conftest.o
configure:7986: $? = 0
configure:7997: result: time.h
configure:8008: checking for char
configure:8032: g++ -c -g -O2 -g  conftest.cc >&5
configure:8038: $? = 0
configure:8042: test -z 
			 || test ! -s conftest.err
configure:8045: $? = 0
configure:8048: test -s conftest.o
configure:8051: $? = 0
configure:8062: result: yes
configure:8065: checking size of char
configure:8384: g++ -o conftest -g -O2 -g   conftest.cc  >&5
configure:8387: $? = 0
configure:8389: ./conftest
configure:8392: $? = 0
configure:8415: result: 1
configure:8422: checking for short
configure:8446: g++ -c -g -O2 -g  conftest.cc >&5
configure:8452: $? = 0
configure:8456: test -z 
			 || test ! -s conftest.err
configure:8459: $? = 0
configure:8462: test -s conftest.o
configure:8465: $? = 0
configure:8476: result: yes
configure:8479: checking size of short
configure:8798: g++ -o conftest -g -O2 -g   conftest.cc  >&5
configure:8801: $? = 0
configure:8803: ./conftest
configure:8806: $? = 0
configure:8829: result: 2
configure:8836: checking for int
configure:8860: g++ -c -g -O2 -g  conftest.cc >&5
configure:8866: $? = 0
configure:8870: test -z 
			 || test ! -s conftest.err
configure:8873: $? = 0
configure:8876: test -s conftest.o
configure:8879: $? = 0
configure:8890: result: yes
configure:8893: checking size of int
configure:9212: g++ -o conftest -g -O2 -g   conftest.cc  >&5
configure:9215: $? = 0
configure:9217: ./conftest
configure:9220: $? = 0
configure:9243: result: 4
configure:9250: checking for long
configure:9274: g++ -c -g -O2 -g  conftest.cc >&5
configure:9280: $? = 0
configure:9284: test -z 
			 || test ! -s conftest.err
configure:9287: $? = 0
configure:9290: test -s conftest.o
configure:9293: $? = 0
configure:9304: result: yes
configure:9307: checking size of long
configure:9626: g++ -o conftest -g -O2 -g   conftest.cc  >&5
configure:9629: $? = 0
configure:9631: ./conftest
configure:9634: $? = 0
configure:9657: result: 8
configure:9665: checking for bool support
configure:9683: g++ -c -g -O2 -g  conftest.cc >&5
configure:9689: $? = 0
configure:9693: test -z 
			 || test ! -s conftest.err
configure:9696: $? = 0
configure:9699: test -s conftest.o
configure:9702: $? = 0
configure:9712: result: yes
configure:9729: checking for exception support
configure:9747: g++ -c -g -O2 -g  conftest.cc >&5
configure:9753: $? = 0
configure:9757: test -z 
			 || test ! -s conftest.err
configure:9760: $? = 0
configure:9763: test -s conftest.o
configure:9766: $? = 0
configure:9776: result: yes
configure:9793: checking for C++ cast support
configure:9812: g++ -c -g -O2 -g  conftest.cc >&5
configure:9818: $? = 0
configure:9822: test -z 
			 || test ! -s conftest.err
configure:9825: $? = 0
configure:9828: test -s conftest.o
configure:9831: $? = 0
configure:9841: result: yes
configure:9858: checking for mutable support
configure:9877: g++ -c -g -O2 -g  conftest.cc >&5
configure:9883: $? = 0
configure:9887: test -z 
			 || test ! -s conftest.err
configure:9890: $? = 0
configure:9893: test -s conftest.o
configure:9896: $? = 0
configure:9906: result: yes
configure:9923: checking for C++ standard library
configure:9941: g++ -o conftest -g -O2 -g   conftest.cc  >&5
configure:9947: $? = 0
configure:9951: test -z 
			 || test ! -s conftest.err
configure:9954: $? = 0
configure:9957: test -s conftest
configure:9960: $? = 0
configure:9971: result: yes
configure:9988: checking for working memcmp
configure:10036: g++ -o conftest -g -O2 -g   conftest.cc  >&5
configure:10039: $? = 0
configure:10041: ./conftest
configure:10044: $? = 0
configure:10058: result: yes
configure:10073: checking for strftime
configure:10130: g++ -o conftest -g -O2 -g   conftest.cc  >&5
configure:10136: $? = 0
configure:10140: test -z 
			 || test ! -s conftest.err
configure:10143: $? = 0
configure:10146: test -s conftest
configure:10149: $? = 0
configure:10161: result: yes
configure:10249: checking for gmtime_r
configure:10306: g++ -o conftest -g -O2 -g   conftest.cc  >&5
configure:10312: $? = 0
configure:10316: test -z 
			 || test ! -s conftest.err
configure:10319: $? = 0
configure:10322: test -s conftest
configure:10325: $? = 0
configure:10337: result: yes
configure:10348: checking for working getpwuid_r
configure:10367: g++ -o conftest -g -O2 -g   conftest.cc  >&5
configure:10373: $? = 0
configure:10377: test -z 
			 || test ! -s conftest.err
configure:10380: $? = 0
configure:10383: test -s conftest
configure:10386: $? = 0
configure:10397: result: yes
configure:10415: checking for vsnprintf
configure:10472: g++ -o conftest -g -O2 -g   conftest.cc  >&5
configure:10478: $? = 0
configure:10482: test -z 
			 || test ! -s conftest.err
configure:10485: $? = 0
configure:10488: test -s conftest
configure:10491: $? = 0
configure:10503: result: yes
configure:10519: checking for sys/select.h
configure:10524: result: yes
configure:10519: checking for sys/socket.h
configure:10524: result: yes
configure:10664: checking types of arguments for select
configure:10697: g++ -c -g -O2 -g  conftest.cc >&5
configure:10703: $? = 0
configure:10707: test -z 
			 || test ! -s conftest.err
configure:10710: $? = 0
configure:10713: test -s conftest.o
configure:10716: $? = 0
configure:10732: result: int,fd_set *,struct timeval *
configure:10756: checking for poll
configure:10777: g++ -o conftest -g -O2 -g   conftest.cc  >&5
configure:10783: $? = 0
configure:10787: test -z 
			 || test ! -s conftest.err
configure:10790: $? = 0
configure:10793: test -s conftest
configure:10796: $? = 0
configure:10807: result: yes
configure:10824: checking for C++ compiler warning flags
configure:10834: result: -Wall -Wno-unknown-pragmas
configure:10838: checking for C++ compiler warning are errors flags
configure:10848: result: -Werror
configure:11004: creating ./config.status

## ---------------------- ##
## Running config.status. ##
## ---------------------- ##

This file was extended by config.status, which was
generated by GNU Autoconf 2.59.  Invocation command line was

  CONFIG_FILES    = 
  CONFIG_HEADERS  = 
  CONFIG_LINKS    = 
  CONFIG_COMMANDS = 
  $ ./config.status 

on slackbox

config.status:741: creating Makefile
config.status:741: creating cmd/Makefile
config.status:741: creating cmd/launcher/Makefile
config.status:741: creating cmd/synergyc/Makefile
config.status:741: creating cmd/synergys/Makefile
config.status:741: creating dist/Makefile
config.status:741: creating dist/nullsoft/Makefile
config.status:741: creating dist/rpm/Makefile
config.status:741: creating dist/rpm/synergy.spec
config.status:741: creating doc/Makefile
config.status:741: creating doc/doxygen.cfg
config.status:741: creating lib/Makefile
config.status:741: creating lib/arch/Makefile
config.status:741: creating lib/base/Makefile
config.status:741: creating lib/client/Makefile
config.status:741: creating lib/common/Makefile
config.status:741: creating lib/io/Makefile
config.status:741: creating lib/mt/Makefile
config.status:741: creating lib/net/Makefile
config.status:741: creating lib/platform/Makefile
config.status:741: creating lib/server/Makefile
config.status:741: creating lib/synergy/Makefile
config.status:845: creating config.h
config.status:1219: executing depfiles commands

## ---------------- ##
## Cache variables. ##
## ---------------- ##

ac_cv_build=x86_64-unknown-linux
ac_cv_build_alias=x86_64-unknown-linux
ac_cv_c_compiler_gnu=yes
ac_cv_cxx_compiler_gnu=yes
ac_cv_env_CC_set=
ac_cv_env_CC_value=
ac_cv_env_CFLAGS_set=
ac_cv_env_CFLAGS_value=
ac_cv_env_CPPFLAGS_set=
ac_cv_env_CPPFLAGS_value=
ac_cv_env_CXXCPP_set=
ac_cv_env_CXXCPP_value=
ac_cv_env_CXXFLAGS_set=
ac_cv_env_CXXFLAGS_value=
ac_cv_env_CXX_set=
ac_cv_env_CXX_value=
ac_cv_env_LDFLAGS_set=
ac_cv_env_LDFLAGS_value=
ac_cv_env_build_alias_set=
ac_cv_env_build_alias_value=
ac_cv_env_host_alias_set=
ac_cv_env_host_alias_value=
ac_cv_env_target_alias_set=
ac_cv_env_target_alias_value=
ac_cv_exeext=
ac_cv_func_connect=yes
ac_cv_func_gethostbyname=yes
ac_cv_func_gmtime_r=yes
ac_cv_func_memcmp_working=yes
ac_cv_func_remove=yes
ac_cv_func_select_args='int,fd_set *,struct timeval *'
ac_cv_func_shmat=yes
ac_cv_func_strftime=yes
ac_cv_func_vsnprintf=yes
ac_cv_have_x='have_x=yes 		ac_x_includes= ac_x_libraries=/usr/lib64'
ac_cv_header_X11_XKBlib_h=yes
ac_cv_header_X11_extensions_XKBstr_h=yes
ac_cv_header_X11_extensions_XTest_h=yes
ac_cv_header_X11_extensions_Xinerama_h=yes
ac_cv_header_X11_extensions_dpms_h=yes
ac_cv_header_inttypes_h=yes
ac_cv_header_istream=yes
ac_cv_header_locale_h=yes
ac_cv_header_memory_h=yes
ac_cv_header_ostream=yes
ac_cv_header_sstream=yes
ac_cv_header_stdc=yes
ac_cv_header_stdint_h=yes
ac_cv_header_stdlib_h=yes
ac_cv_header_string_h=yes
ac_cv_header_strings_h=yes
ac_cv_header_sys_select_h=yes
ac_cv_header_sys_socket_h=yes
ac_cv_header_sys_stat_h=yes
ac_cv_header_sys_time_h=yes
ac_cv_header_sys_types_h=yes
ac_cv_header_sys_utsname_h=yes
ac_cv_header_time=yes
ac_cv_header_unistd_h=yes
ac_cv_header_wchar_h=yes
ac_cv_host=x86_64-unknown-linux
ac_cv_host_alias=x86_64-unknown-linux
ac_cv_lib_ICE_IceConnectionNumber=yes
ac_cv_lib_X11_XkbQueryExtension=yes
ac_cv_lib_Xext_DPMSQueryExtension=yes
ac_cv_lib_Xinerama_XineramaQueryExtension=yes
ac_cv_lib_Xtst_XTestQueryExtension=yes
ac_cv_objext=o
ac_cv_path_install='/usr/bin/ginstall -c'
ac_cv_prog_AWK=gawk
ac_cv_prog_CXXCPP='g++ -E'
ac_cv_prog_HAVE_DOT=NO
ac_cv_prog_PTHREAD_CC=gcc
ac_cv_prog_ac_ct_CC=gcc
ac_cv_prog_ac_ct_CXX=g++
ac_cv_prog_ac_ct_RANLIB=ranlib
ac_cv_prog_cc_g=yes
ac_cv_prog_cc_stdc=
ac_cv_prog_cxx_g=yes
ac_cv_prog_egrep='grep -E'
ac_cv_prog_make_make_set=yes
ac_cv_sizeof_char=1
ac_cv_sizeof_int=4
ac_cv_sizeof_long=8
ac_cv_sizeof_short=2
ac_cv_struct_tm=time.h
ac_cv_type_char=yes
ac_cv_type_int=yes
ac_cv_type_long=yes
ac_cv_type_short=yes
ac_cv_type_size_t=yes
am_cv_CC_dependencies_compiler_type=gcc3
am_cv_CXX_dependencies_compiler_type=gcc3
am_cv_OBJC_dependencies_compiler_type=gcc3

## ----------------- ##
## Output variables. ##
## ----------------- ##

ACLOCAL='${SHELL} /home/matthew/synergy/config/missing --run aclocal-1.6'
AMDEPBACKSLASH='\'
AMDEP_FALSE='#'
AMDEP_TRUE=''
AMTAR='${SHELL} /home/matthew/synergy/config/missing --run tar'
AUTOCONF='${SHELL} /home/matthew/synergy/config/missing --run autoconf'
AUTOHEADER='${SHELL} /home/matthew/synergy/config/missing --run autoheader'
AUTOMAKE='${SHELL} /home/matthew/synergy/config/missing --run automake-1.6'
AWK='gawk'
CARBON_FALSE=''
CARBON_TRUE='#'
CC='gcc'
CCDEPMODE='depmode=gcc3'
CFLAGS='-g -O2'
CPPFLAGS=''
CXX='g++'
CXXCPP='g++ -E'
CXXDEPMODE='FOO=5 depmode=gcc3'
CXXFLAGS='-g -O2 -g -Wall -Wno-unknown-pragmas -Werror   -DSYSAPI_UNIX=1 -DWINAPI_XWINDOWS=1 -pthread '
DEFS='-DHAVE_CONFIG_H'
DEPDIR='.deps'
ECHO_C=''
ECHO_N='-n'
ECHO_T=''
EGREP='grep -E'
EXEEXT=''
HAVE_DOT='NO'
INET_ATON_LIBS=''
INSTALL_DATA='${INSTALL} -m 644'
INSTALL_PROGRAM='${INSTALL}'
INSTALL_SCRIPT='${INSTALL}'
INSTALL_STRIP_PROGRAM='${SHELL} $(install_sh) -c -s'
LDFLAGS=''
LIBOBJS=''
LIBS='   -L/usr/lib64  -lSM -lICE  -lXtst -lXinerama  -lXext -lX11    '
LTLIBOBJS=''
MAKEINFO='${SHELL} /home/matthew/synergy/config/missing --run makeinfo'
MSWINDOWS_FALSE=''
MSWINDOWS_TRUE='#'
NANOSLEEP_LIBS=''
OBJC='gcc'
OBJCDEPMODE='depmode=gcc3'
OBJCFLAGS='-g -O2'
OBJEXT='o'
PACKAGE='synergy'
PACKAGE_BUGREPORT=''
PACKAGE_NAME=''
PACKAGE_STRING=''
PACKAGE_TARNAME=''
PACKAGE_VERSION=''
PATH_SEPARATOR=':'
PTHREAD_CC='gcc'
PTHREAD_CFLAGS='-pthread'
PTHREAD_LIBS=''
RANLIB='ranlib'
SET_MAKE=''
SHELL='/bin/sh'
STRIP=''
UNIX_FALSE='#'
UNIX_TRUE=''
VERSION='1.3.1'
WIN32_FALSE=''
WIN32_TRUE='#'
XWINDOWS_FALSE='#'
XWINDOWS_TRUE=''
X_CFLAGS=''
X_EXTRA_LIBS=''
X_LIBS=' -L/usr/lib64'
X_PRE_LIBS=' -lSM -lICE'
ac_ct_CC='gcc'
ac_ct_CXX='g++'
ac_ct_RANLIB='ranlib'
ac_ct_STRIP=''
acx_pthread_config=''
am__include='include'
am__quote=''
bindir='${exec_prefix}/bin'
build='x86_64-unknown-linux'
build_alias=''
build_cpu='x86_64'
build_os='linux'
build_vendor='unknown'
datadir='${prefix}/share'
exec_prefix='${prefix}'
host='x86_64-unknown-linux'
host_alias=''
host_cpu='x86_64'
host_os='linux'
host_vendor='unknown'
includedir='${prefix}/include'
infodir='${prefix}/info'
install_sh='/home/matthew/synergy/config/install-sh'
libdir='${exec_prefix}/lib'
libexecdir='${exec_prefix}/libexec'
localstatedir='${prefix}/var'
mandir='${prefix}/man'
oldincludedir='/usr/include'
prefix='/usr/local'
program_transform_name='s,x,x,'
sbindir='${exec_prefix}/sbin'
sharedstatedir='${prefix}/com'
sysconfdir='${prefix}/etc'
target_alias=''

## ----------- ##
## confdefs.h. ##
## ----------- ##

#define HAVE_CXX_BOOL 1
#define HAVE_CXX_CASTS 1
#define HAVE_CXX_EXCEPTIONS 1
#define HAVE_CXX_MUTABLE 1
#define HAVE_CXX_STDLIB 1
#define HAVE_DPMS_PROTOTYPES 1
#define HAVE_GETPWUID_R 1
#define HAVE_GMTIME_R 1
#define HAVE_INET_ATON 1
#define HAVE_INTTYPES_H 1
#define HAVE_ISTREAM 1
#define HAVE_LOCALE_H 1
#define HAVE_MEMORY_H 1
#define HAVE_NANOSLEEP 1
#define HAVE_OSTREAM 1
#define HAVE_POLL 1
#define HAVE_POSIX_SIGWAIT 1
#define HAVE_PTHREAD 1
#define HAVE_PTHREAD_SIGNAL 1
#define HAVE_SOCKLEN_T 1
#define HAVE_SSTREAM 1
#define HAVE_STDINT_H 1
#define HAVE_STDLIB_H 1
#define HAVE_STRFTIME 1
#define HAVE_STRINGS_H 1
#define HAVE_STRING_H 1
#define HAVE_SYS_SELECT_H 1
#define HAVE_SYS_SELECT_H 1
#define HAVE_SYS_SOCKET_H 1
#define HAVE_SYS_SOCKET_H 1
#define HAVE_SYS_STAT_H 1
#define HAVE_SYS_TIME_H 1
#define HAVE_SYS_TYPES_H 1
#define HAVE_SYS_TYPES_H 1
#define HAVE_SYS_UTSNAME_H 1
#define HAVE_UNISTD_H 1
#define HAVE_UNISTD_H 1
#define HAVE_VSNPRINTF 1
#define HAVE_WCHAR_H 1
#define HAVE_X11_EXTENSIONS_DPMS_H 1
#define HAVE_X11_EXTENSIONS_XINERAMA_H 1
#define HAVE_X11_EXTENSIONS_XKBSTR_H 1
#define HAVE_X11_EXTENSIONS_XTEST_H 1
#define HAVE_X11_XKBLIB_H 1
#define HAVE_XKB_EXTENSION 1
#define PACKAGE "synergy"
#define PACKAGE_BUGREPORT ""
#define PACKAGE_NAME ""
#define PACKAGE_STRING ""
#define PACKAGE_TARNAME ""
#define PACKAGE_VERSION ""
#define SELECT_TYPE_ARG1 int
#define SELECT_TYPE_ARG234 (fd_set *)
#define SELECT_TYPE_ARG5 (struct timeval *)
#define SIZEOF_CHAR 1
#define SIZEOF_INT 4
#define SIZEOF_LONG 8
#define SIZEOF_SHORT 2
#define STDC_HEADERS 1
#define TIME_WITH_SYS_TIME 1
#define VERSION "1.3.1"
#endif
#ifdef __cplusplus
extern "C" void exit (int) throw ();

configure: exit 0
